<?xml version="1.0" encoding="UTF-8"?>
<!-- Generated by org.testng.reporters.JUnitReportReporter -->
<testsuite skipped="6" hostname="ramsunkara" name="com.mytests.LoginTestN" tests="8" failures="0" timestamp="01 Oct 2019 07:28:01 GMT" time="230.030" errors="2">
  <testcase name="verifydoLoginTest" time="114.041" classname="com.mytests.LoginTestN">
    <error type="java.lang.ClassCastException" message="org.openqa.selenium.By$ByXPath cannot be cast to org.openqa.selenium.WebElement">
      <![CDATA[java.lang.ClassCastException: org.openqa.selenium.By$ByXPath cannot be cast to org.openqa.selenium.WebElement
at com.mypackage.BasePage.ActionsPerf(BasePage.java:97)
at com.mypackage.HomePage.checkReport(HomePage.java:37)
at com.mytests.LoginTestN.verifydoLoginTest(LoginTestN.java:43)
at sun.reflect.NativeMethodAccessorImpl.invoke0(Native Method)
at sun.reflect.NativeMethodAccessorImpl.invoke(Unknown Source)
at sun.reflect.DelegatingMethodAccessorImpl.invoke(Unknown Source)
at java.lang.reflect.Method.invoke(Unknown Source)
at org.testng.internal.MethodInvocationHelper.invokeMethod(MethodInvocationHelper.java:124)
at org.testng.internal.Invoker.invokeMethod(Invoker.java:580)
at org.testng.internal.Invoker.invokeTestMethod(Invoker.java:716)
at org.testng.internal.Invoker.invokeTestMethods(Invoker.java:988)
at org.testng.internal.TestMethodWorker.invokeTestMethods(TestMethodWorker.java:125)
at org.testng.internal.TestMethodWorker.run(TestMethodWorker.java:109)
at org.testng.TestRunner.privateRun(TestRunner.java:648)
at org.testng.TestRunner.run(TestRunner.java:505)
at org.testng.SuiteRunner.runTest(SuiteRunner.java:455)
at org.testng.SuiteRunner.access$000(SuiteRunner.java:40)
at org.testng.SuiteRunner$SuiteWorker.run(SuiteRunner.java:489)
at org.testng.internal.thread.ThreadUtil$1.call(ThreadUtil.java:52)
at java.util.concurrent.FutureTask.run(Unknown Source)
at java.util.concurrent.ThreadPoolExecutor.runWorker(Unknown Source)
at java.util.concurrent.ThreadPoolExecutor$Worker.run(Unknown Source)
at java.lang.Thread.run(Unknown Source)
]]>
    </error>
  </testcase> <!-- verifydoLoginTest -->
  <testcase name="verifydoLoginTest" time="45.904" classname="com.mytests.LoginTestN">
    <skipped/>
  </testcase> <!-- verifydoLoginTest -->
  <testcase name="verifydoLoginTest" time="34.252" classname="com.mytests.LoginTestN">
    <skipped/>
  </testcase> <!-- verifydoLoginTest -->
  <testcase name="verifydoLoginTest" time="35.833" classname="com.mytests.LoginTestN">
    <error type="java.lang.ClassCastException" message="org.openqa.selenium.By$ByXPath cannot be cast to org.openqa.selenium.WebElement">
      <![CDATA[java.lang.ClassCastException: org.openqa.selenium.By$ByXPath cannot be cast to org.openqa.selenium.WebElement
at com.mypackage.BasePage.ActionsPerf(BasePage.java:97)
at com.mypackage.HomePage.checkReport(HomePage.java:37)
at com.mytests.LoginTestN.verifydoLoginTest(LoginTestN.java:43)
at sun.reflect.NativeMethodAccessorImpl.invoke0(Native Method)
at sun.reflect.NativeMethodAccessorImpl.invoke(Unknown Source)
at sun.reflect.DelegatingMethodAccessorImpl.invoke(Unknown Source)
at java.lang.reflect.Method.invoke(Unknown Source)
at org.testng.internal.MethodInvocationHelper.invokeMethod(MethodInvocationHelper.java:124)
at org.testng.internal.Invoker.invokeMethod(Invoker.java:580)
at org.testng.internal.Invoker.retryFailed(Invoker.java:838)
at org.testng.internal.Invoker.invokeTestMethods(Invoker.java:1009)
at org.testng.internal.TestMethodWorker.invokeTestMethods(TestMethodWorker.java:125)
at org.testng.internal.TestMethodWorker.run(TestMethodWorker.java:109)
at org.testng.TestRunner.privateRun(TestRunner.java:648)
at org.testng.TestRunner.run(TestRunner.java:505)
at org.testng.SuiteRunner.runTest(SuiteRunner.java:455)
at org.testng.SuiteRunner.access$000(SuiteRunner.java:40)
at org.testng.SuiteRunner$SuiteWorker.run(SuiteRunner.java:489)
at org.testng.internal.thread.ThreadUtil$1.call(ThreadUtil.java:52)
at java.util.concurrent.FutureTask.run(Unknown Source)
at java.util.concurrent.ThreadPoolExecutor.runWorker(Unknown Source)
at java.util.concurrent.ThreadPoolExecutor$Worker.run(Unknown Source)
at java.lang.Thread.run(Unknown Source)
]]>
    </error>
  </testcase> <!-- verifydoLoginTest -->
  <testcase name="verifyLogin" classname="com.mytests.LoginTestN">
    <skipped/>
  </testcase> <!-- verifyLogin -->
  <testcase name="verifyLoginPageHeaderTEst" classname="com.mytests.LoginTestN">
    <skipped/>
  </testcase> <!-- verifyLoginPageHeaderTEst -->
  <testcase name="verifyLogin" classname="com.mytests.LoginTestN">
    <skipped/>
  </testcase> <!-- verifyLogin -->
  <testcase name="verifyLoginPageHeaderTEst" classname="com.mytests.LoginTestN">
    <skipped/>
  </testcase> <!-- verifyLoginPageHeaderTEst -->
</testsuite> <!-- com.mytests.LoginTestN -->
